# JRE version: OpenJDK Runtime Environment Temurin-17.0.11+9 (17.0.11+9) (build 17.0.11+9)
# Java VM: OpenJDK 64-Bit Server VM Temurin-17.0.11+9 (17.0.11+9, mixed mode, tiered, compressed oops, compressed class ptrs, parallel gc, windows-amd64)
GC Precious Log:
 CPUs: 12 total, 12 available
 Memory: 7519M
 Large Page Support: Disabled
 NUMA Support: Disabled
 Compressed Oops: Enabled (32-bit)
 Alignments: Space 512K, Generation 512K, Heap 2M
 Heap Min Capacity: 100M
 Heap Initial Capacity: 100M
 Heap Max Capacity: 1G
 Pre-touch: Disabled
 Parallel Workers: 10
Heap:
 PSYoungGen      total 5120K, used 3513K [0x00000000eab00000, 0x00000000eb180000, 0x0000000100000000)
  eden space 4096K, 61% used [0x00000000eab00000,0x00000000ead71b58,0x00000000eaf00000)
  from space 1024K, 98% used [0x00000000eb080000,0x00000000eb17c948,0x00000000eb180000)
  to   space 1024K, 0% used [0x00000000eaf80000,0x00000000eaf80000,0x00000000eb080000)
 ParOldGen       total 211456K, used 185389K [0x00000000c0000000, 0x00000000cce80000, 0x00000000eab00000)
  object space 211456K, 87% used [0x00000000c0000000,0x00000000cb50b660,0x00000000cce80000)
 Metaspace       used 68372K, committed 69376K, reserved 1114112K
  class space    used 8275K, committed 8704K, reserved 1048576K
GC Heap History (20 events):
Event: 9.584 GC heap before
{Heap before GC invocations=193 (full 8):
 PSYoungGen      total 4096K, used 4025K [0x00000000eab00000, 0x00000000eb080000, 0x0000000100000000)
  eden space 3072K, 100% used [0x00000000eab00000,0x00000000eae00000,0x00000000eae00000)
  from space 1024K, 93% used [0x00000000eaf00000,0x00000000eafee720,0x00000000eb000000)
  to   space 512K, 0% used [0x00000000eb000000,0x00000000eb000000,0x00000000eb080000)
 ParOldGen       total 211456K, used 177070K [0x00000000c0000000, 0x00000000cce80000, 0x00000000eab00000)
  object space 211456K, 83% used [0x00000000c0000000,0x00000000cacebac8,0x00000000cce80000)
 Metaspace       used 68370K, committed 69376K, reserved 1114112K
  class space    used 8275K, committed 8704K, reserved 1048576K
}
Event: 9.586 GC heap after
{Heap after GC invocations=193 (full 8):
 PSYoungGen      total 3584K, used 497K [0x00000000eab00000, 0x00000000eb200000, 0x0000000100000000)
  eden space 3072K, 0% used [0x00000000eab00000,0x00000000eab00000,0x00000000eae00000)
  from space 512K, 97% used [0x00000000eb000000,0x00000000eb07c548,0x00000000eb080000)
  to   space 2048K, 0% used [0x00000000eae00000,0x00000000eae00000,0x00000000eb000000)
 ParOldGen       total 211456K, used 178218K [0x00000000c0000000, 0x00000000cce80000, 0x00000000eab00000)
  object space 211456K, 84% used [0x00000000c0000000,0x00000000cae0a830,0x00000000cce80000)
 Metaspace       used 68370K, committed 69376K, reserved 1114112K
  class space    used 8275K, committed 8704K, reserved 1048576K
}
Event: 9.601 GC heap before
{Heap before GC invocations=194 (full 8):
 PSYoungGen      total 3584K, used 3569K [0x00000000eab00000, 0x00000000eb200000, 0x0000000100000000)
  eden space 3072K, 100% used [0x00000000eab00000,0x00000000eae00000,0x00000000eae00000)
  from space 512K, 97% used [0x00000000eb000000,0x00000000eb07c548,0x00000000eb080000)
  to   space 2048K, 0% used [0x00000000eae00000,0x00000000eae00000,0x00000000eb000000)
 ParOldGen       total 211456K, used 178218K [0x00000000c0000000, 0x00000000cce80000, 0x00000000eab00000)
  object space 211456K, 84% used [0x00000000c0000000,0x00000000cae0a830,0x00000000cce80000)
 Metaspace       used 68370K, committed 69376K, reserved 1114112K
  class space    used 8275K, committed 8704K, reserved 1048576K
}
Event: 9.603 GC heap after
{Heap after GC invocations=194 (full 8):
 PSYoungGen      total 4096K, used 964K [0x00000000eab00000, 0x00000000eb100000, 0x0000000100000000)
  eden space 3072K, 0% used [0x00000000eab00000,0x00000000eab00000,0x00000000eae00000)
  from space 1024K, 94% used [0x00000000eae00000,0x00000000eaef1218,0x00000000eaf00000)
  to   space 1536K, 0% used [0x00000000eaf80000,0x00000000eaf80000,0x00000000eb100000)
 ParOldGen       total 211456K, used 178708K [0x00000000c0000000, 0x00000000cce80000, 0x00000000eab00000)
  object space 211456K, 84% used [0x00000000c0000000,0x00000000cae85378,0x00000000cce80000)
 Metaspace       used 68370K, committed 69376K, reserved 1114112K
  class space    used 8275K, committed 8704K, reserved 1048576K
}
Event: 9.617 GC heap before
{Heap before GC invocations=195 (full 8):
 PSYoungGen      total 4096K, used 4036K [0x00000000eab00000, 0x00000000eb100000, 0x0000000100000000)
  eden space 3072K, 100% used [0x00000000eab00000,0x00000000eae00000,0x00000000eae00000)
  from space 1024K, 94% used [0x00000000eae00000,0x00000000eaef1218,0x00000000eaf00000)
  to   space 1536K, 0% used [0x00000000eaf80000,0x00000000eaf80000,0x00000000eb100000)
 ParOldGen       total 211456K, used 178708K [0x00000000c0000000, 0x00000000cce80000, 0x00000000eab00000)
  object space 211456K, 84% used [0x00000000c0000000,0x00000000cae85378,0x00000000cce80000)
 Metaspace       used 68370K, committed 69376K, reserved 1114112K
  class space    used 8275K, committed 8704K, reserved 1048576K
}
Event: 9.618 GC heap after
{Heap after GC invocations=195 (full 8):
 PSYoungGen      total 4096K, used 1529K [0x00000000eab00000, 0x00000000eb200000, 0x0000000100000000)
  eden space 2560K, 0% used [0x00000000eab00000,0x00000000eab00000,0x00000000ead80000)
  from space 1536K, 99% used [0x00000000eaf80000,0x00000000eb0fe7c8,0x00000000eb100000)
  to   space 2048K, 0% used [0x00000000ead80000,0x00000000ead80000,0x00000000eaf80000)
 ParOldGen       total 211456K, used 178840K [0x00000000c0000000, 0x00000000cce80000, 0x00000000eab00000)
  object space 211456K, 84% used [0x00000000c0000000,0x00000000caea61f8,0x00000000cce80000)
 Metaspace       used 68370K, committed 69376K, reserved 1114112K
  class space    used 8275K, committed 8704K, reserved 1048576K
}
Event: 9.636 GC heap before
{Heap before GC invocations=196 (full 8):
 PSYoungGen      total 4096K, used 4089K [0x00000000eab00000, 0x00000000eb200000, 0x0000000100000000)
  eden space 2560K, 100% used [0x00000000eab00000,0x00000000ead80000,0x00000000ead80000)
  from space 1536K, 99% used [0x00000000eaf80000,0x00000000eb0fe7c8,0x00000000eb100000)
  to   space 2048K, 0% used [0x00000000ead80000,0x00000000ead80000,0x00000000eaf80000)
 ParOldGen       total 211456K, used 178840K [0x00000000c0000000, 0x00000000cce80000, 0x00000000eab00000)
  object space 211456K, 84% used [0x00000000c0000000,0x00000000caea61f8,0x00000000cce80000)
 Metaspace       used 68370K, committed 69376K, reserved 1114112K
  class space    used 8275K, committed 8704K, reserved 1048576K
}
Event: 9.638 GC heap after
{Heap after GC invocations=196 (full 8):
 PSYoungGen      total 3584K, used 694K [0x00000000eab00000, 0x00000000eb080000, 0x0000000100000000)
  eden space 2560K, 0% used [0x00000000eab00000,0x00000000eab00000,0x00000000ead80000)
  from space 1024K, 67% used [0x00000000ead80000,0x00000000eae2d8f0,0x00000000eae80000)
  to   space 1536K, 0% used [0x00000000eaf00000,0x00000000eaf00000,0x00000000eb080000)
 ParOldGen       total 211456K, used 180279K [0x00000000c0000000, 0x00000000cce80000, 0x00000000eab00000)
  object space 211456K, 85% used [0x00000000c0000000,0x00000000cb00dca8,0x00000000cce80000)
 Metaspace       used 68370K, committed 69376K, reserved 1114112K
  class space    used 8275K, committed 8704K, reserved 1048576K
}
Event: 9.651 GC heap before
{Heap before GC invocations=197 (full 8):
 PSYoungGen      total 3584K, used 3254K [0x00000000eab00000, 0x00000000eb080000, 0x0000000100000000)
  eden space 2560K, 100% used [0x00000000eab00000,0x00000000ead80000,0x00000000ead80000)
  from space 1024K, 67% used [0x00000000ead80000,0x00000000eae2d8f0,0x00000000eae80000)
  to   space 1536K, 0% used [0x00000000eaf00000,0x00000000eaf00000,0x00000000eb080000)
 ParOldGen       total 211456K, used 180279K [0x00000000c0000000, 0x00000000cce80000, 0x00000000eab00000)
  object space 211456K, 85% used [0x00000000c0000000,0x00000000cb00dca8,0x00000000cce80000)
 Metaspace       used 68370K, committed 69376K, reserved 1114112K
  class space    used 8275K, committed 8704K, reserved 1048576K
}
Event: 9.652 GC heap after
{Heap after GC invocations=197 (full 8):
 PSYoungGen      total 4096K, used 1295K [0x00000000eab00000, 0x00000000eb080000, 0x0000000100000000)
  eden space 2560K, 0% used [0x00000000eab00000,0x00000000eab00000,0x00000000ead80000)
  from space 1536K, 84% used [0x00000000eaf00000,0x00000000eb043d60,0x00000000eb080000)
  to   space 1536K, 0% used [0x00000000ead80000,0x00000000ead80000,0x00000000eaf00000)
 ParOldGen       total 211456K, used 180279K [0x00000000c0000000, 0x00000000cce80000, 0x00000000eab00000)
  object space 211456K, 85% used [0x00000000c0000000,0x00000000cb00dca8,0x00000000cce80000)
 Metaspace       used 68370K, committed 69376K, reserved 1114112K
  class space    used 8275K, committed 8704K, reserved 1048576K
}
Event: 9.668 GC heap before
{Heap before GC invocations=198 (full 8):
 PSYoungGen      total 4096K, used 3855K [0x00000000eab00000, 0x00000000eb080000, 0x0000000100000000)
  eden space 2560K, 100% used [0x00000000eab00000,0x00000000ead80000,0x00000000ead80000)
  from space 1536K, 84% used [0x00000000eaf00000,0x00000000eb043d60,0x00000000eb080000)
  to   space 1536K, 0% used [0x00000000ead80000,0x00000000ead80000,0x00000000eaf00000)
 ParOldGen       total 211456K, used 180279K [0x00000000c0000000, 0x00000000cce80000, 0x00000000eab00000)
  object space 211456K, 85% used [0x00000000c0000000,0x00000000cb00dca8,0x00000000cce80000)
 Metaspace       used 68370K, committed 69376K, reserved 1114112K
  class space    used 8275K, committed 8704K, reserved 1048576K
}
Event: 9.704 GC heap after
{Heap after GC invocations=198 (full 8):
 PSYoungGen      total 4096K, used 1510K [0x00000000eab00000, 0x00000000eb200000, 0x0000000100000000)
  eden space 2560K, 0% used [0x00000000eab00000,0x00000000eab00000,0x00000000ead80000)
  from space 1536K, 98% used [0x00000000ead80000,0x00000000eaef99f8,0x00000000eaf00000)
  to   space 2048K, 0% used [0x00000000eb000000,0x00000000eb000000,0x00000000eb200000)
 ParOldGen       total 211456K, used 180631K [0x00000000c0000000, 0x00000000cce80000, 0x00000000eab00000)
  object space 211456K, 85% used [0x00000000c0000000,0x00000000cb065d80,0x00000000cce80000)
 Metaspace       used 68370K, committed 69376K, reserved 1114112K
  class space    used 8275K, committed 8704K, reserved 1048576K
}
Event: 9.728 GC heap before
{Heap before GC invocations=199 (full 8):
 PSYoungGen      total 4096K, used 4070K [0x00000000eab00000, 0x00000000eb200000, 0x0000000100000000)
  eden space 2560K, 99% used [0x00000000eab00000,0x00000000ead7ffe0,0x00000000ead80000)
  from space 1536K, 98% used [0x00000000ead80000,0x00000000eaef99f8,0x00000000eaf00000)
  to   space 2048K, 0% used [0x00000000eb000000,0x00000000eb000000,0x00000000eb200000)
 ParOldGen       total 211456K, used 180631K [0x00000000c0000000, 0x00000000cce80000, 0x00000000eab00000)
  object space 211456K, 85% used [0x00000000c0000000,0x00000000cb065d80,0x00000000cce80000)
 Metaspace       used 68370K, committed 69376K, reserved 1114112K
  class space    used 8275K, committed 8704K, reserved 1048576K
}
Event: 9.732 GC heap after
{Heap after GC invocations=199 (full 8):
 PSYoungGen      total 5120K, used 1356K [0x00000000eab00000, 0x00000000eb200000, 0x0000000100000000)
  eden space 3072K, 0% used [0x00000000eab00000,0x00000000eab00000,0x00000000eae00000)
  from space 2048K, 66% used [0x00000000eb000000,0x00000000eb1533c8,0x00000000eb200000)
  to   space 2048K, 0% used [0x00000000eae00000,0x00000000eae00000,0x00000000eb000000)
 ParOldGen       total 211456K, used 181605K [0x00000000c0000000, 0x00000000cce80000, 0x00000000eab00000)
  object space 211456K, 85% used [0x00000000c0000000,0x00000000cb159510,0x00000000cce80000)
 Metaspace       used 68370K, committed 69376K, reserved 1114112K
  class space    used 8275K, committed 8704K, reserved 1048576K
}
Event: 9.760 GC heap before
{Heap before GC invocations=200 (full 8):
 PSYoungGen      total 5120K, used 4428K [0x00000000eab00000, 0x00000000eb200000, 0x0000000100000000)
  eden space 3072K, 100% used [0x00000000eab00000,0x00000000eae00000,0x00000000eae00000)
  from space 2048K, 66% used [0x00000000eb000000,0x00000000eb1533c8,0x00000000eb200000)
  to   space 2048K, 0% used [0x00000000eae00000,0x00000000eae00000,0x00000000eb000000)
 ParOldGen       total 211456K, used 181605K [0x00000000c0000000, 0x00000000cce80000, 0x00000000eab00000)
  object space 211456K, 85% used [0x00000000c0000000,0x00000000cb159510,0x00000000cce80000)
 Metaspace       used 68370K, committed 69376K, reserved 1114112K
  class space    used 8275K, committed 8704K, reserved 1048576K
}
Event: 9.762 GC heap after
{Heap after GC invocations=200 (full 8):
 PSYoungGen      total 5120K, used 840K [0x00000000eab00000, 0x00000000eb200000, 0x0000000100000000)
  eden space 3072K, 0% used [0x00000000eab00000,0x00000000eab00000,0x00000000eae00000)
  from space 2048K, 41% used [0x00000000eae00000,0x00000000eaed20f8,0x00000000eb000000)
  to   space 1536K, 0% used [0x00000000eb080000,0x00000000eb080000,0x00000000eb200000)
 ParOldGen       total 211456K, used 182811K [0x00000000c0000000, 0x00000000cce80000, 0x00000000eab00000)
  object space 211456K, 86% used [0x00000000c0000000,0x00000000cb286da8,0x00000000cce80000)
 Metaspace       used 68370K, committed 69376K, reserved 1114112K
  class space    used 8275K, committed 8704K, reserved 1048576K
}
Event: 9.777 GC heap before
{Heap before GC invocations=201 (full 8):
 PSYoungGen      total 5120K, used 3912K [0x00000000eab00000, 0x00000000eb200000, 0x0000000100000000)
  eden space 3072K, 100% used [0x00000000eab00000,0x00000000eae00000,0x00000000eae00000)
  from space 2048K, 41% used [0x00000000eae00000,0x00000000eaed20f8,0x00000000eb000000)
  to   space 1536K, 0% used [0x00000000eb080000,0x00000000eb080000,0x00000000eb200000)
 ParOldGen       total 211456K, used 182811K [0x00000000c0000000, 0x00000000cce80000, 0x00000000eab00000)
  object space 211456K, 86% used [0x00000000c0000000,0x00000000cb286da8,0x00000000cce80000)
 Metaspace       used 68370K, committed 69376K, reserved 1114112K
  class space    used 8275K, committed 8704K, reserved 1048576K
}
Event: 9.779 GC heap after
{Heap after GC invocations=201 (full 8):
 PSYoungGen      total 5120K, used 818K [0x00000000eab00000, 0x00000000eb180000, 0x0000000100000000)
  eden space 4096K, 0% used [0x00000000eab00000,0x00000000eab00000,0x00000000eaf00000)
  from space 1024K, 79% used [0x00000000eb080000,0x00000000eb14cbd8,0x00000000eb180000)
  to   space 1024K, 0% used [0x00000000eaf80000,0x00000000eaf80000,0x00000000eb080000)
 ParOldGen       total 211456K, used 183567K [0x00000000c0000000, 0x00000000cce80000, 0x00000000eab00000)
  object space 211456K, 86% used [0x00000000c0000000,0x00000000cb343cc0,0x00000000cce80000)
 Metaspace       used 68370K, committed 69376K, reserved 1114112K
  class space    used 8275K, committed 8704K, reserved 1048576K
}
Event: 9.799 GC heap before
{Heap before GC invocations=202 (full 8):
 PSYoungGen      total 5120K, used 4914K [0x00000000eab00000, 0x00000000eb180000, 0x0000000100000000)
  eden space 4096K, 100% used [0x00000000eab00000,0x00000000eaf00000,0x00000000eaf00000)
  from space 1024K, 79% used [0x00000000eb080000,0x00000000eb14cbd8,0x00000000eb180000)
  to   space 1024K, 0% used [0x00000000eaf80000,0x00000000eaf80000,0x00000000eb080000)
 ParOldGen       total 211456K, used 183567K [0x00000000c0000000, 0x00000000cce80000, 0x00000000eab00000)
  object space 211456K, 86% used [0x00000000c0000000,0x00000000cb343cc0,0x00000000cce80000)
 Metaspace       used 68370K, committed 69376K, reserved 1114112K
  class space    used 8275K, committed 8704K, reserved 1048576K
}
Event: 9.801 GC heap after
{Heap after GC invocations=202 (full 8):
 PSYoungGen      total 5120K, used 1022K [0x00000000eab00000, 0x00000000eb180000, 0x0000000100000000)
  eden space 4096K, 0% used [0x00000000eab00000,0x00000000eab00000,0x00000000eaf00000)
  from space 1024K, 99% used [0x00000000eaf80000,0x00000000eb07f8f8,0x00000000eb080000)
  to   space 1024K, 0% used [0x00000000eb080000,0x00000000eb080000,0x00000000eb180000)
 ParOldGen       total 211456K, used 184304K [0x00000000c0000000, 0x00000000cce80000, 0x00000000eab00000)
  object space 211456K, 87% used [0x00000000c0000000,0x00000000cb3fc398,0x00000000cce80000)
 Metaspace       used 68370K, committed 69376K, reserved 1114112K
  class space    used 8275K, committed 8704K, reserved 1048576K
}

