# JRE version: OpenJDK Runtime Environment Temurin-17.0.11+9 (17.0.11+9) (build 17.0.11+9)
# Java VM: OpenJDK 64-Bit Server VM Temurin-17.0.11+9 (17.0.11+9, mixed mode, tiered, compressed oops, compressed class ptrs, parallel gc, windows-amd64)
GC Precious Log:
 CPUs: 12 total, 12 available
 Memory: 7519M
 Large Page Support: Disabled
 NUMA Support: Disabled
 Compressed Oops: Enabled (32-bit)
 Alignments: Space 512K, Generation 512K, Heap 2M
 Heap Min Capacity: 100M
 Heap Initial Capacity: 100M
 Heap Max Capacity: 1G
 Pre-touch: Disabled
 Parallel Workers: 10
Heap:
 PSYoungGen      total 18432K, used 17603K [0x00000000eab00000, 0x00000000ec180000, 0x0000000100000000)
  eden space 15360K, 100% used [0x00000000eab00000,0x00000000eba00000,0x00000000eba00000)
  from space 3072K, 73% used [0x00000000ebe80000,0x00000000ec0b0f40,0x00000000ec180000)
  to   space 3584K, 0% used [0x00000000eba00000,0x00000000eba00000,0x00000000ebd80000)
 ParOldGen       total 699392K, used 232464K [0x00000000c0000000, 0x00000000eab00000, 0x00000000eab00000)
  object space 699392K, 33% used [0x00000000c0000000,0x00000000ce304018,0x00000000eab00000)
 Metaspace       used 71248K, committed 72384K, reserved 1114112K
  class space    used 8580K, committed 9088K, reserved 1048576K
GC Heap History (20 events):
Event: 30.230 GC heap before
{Heap before GC invocations=568 (full 395):
 PSYoungGen      total 18944K, used 15359K [0x00000000eab00000, 0x00000000ec180000, 0x0000000100000000)
  eden space 15360K, 99% used [0x00000000eab00000,0x00000000eb9ffff8,0x00000000eba00000)
  from space 3584K, 0% used [0x00000000eba00000,0x00000000eba00000,0x00000000ebd80000)
  to   space 3072K, 0% used [0x00000000ebe80000,0x00000000ebe80000,0x00000000ec180000)
 ParOldGen       total 217088K, used 216746K [0x00000000c0000000, 0x00000000cd400000, 0x00000000eab00000)
  object space 217088K, 99% used [0x00000000c0000000,0x00000000cd3aa9f8,0x00000000cd400000)
 Metaspace       used 70501K, committed 71616K, reserved 1114112K
  class space    used 8500K, committed 8960K, reserved 1048576K
}
Event: 30.277 GC heap after
{Heap after GC invocations=568 (full 395):
 PSYoungGen      total 18432K, used 15359K [0x00000000eab00000, 0x00000000ec180000, 0x0000000100000000)
  eden space 15360K, 99% used [0x00000000eab00000,0x00000000eb9fff88,0x00000000eba00000)
  from space 3072K, 0% used [0x00000000ebe80000,0x00000000ebe80000,0x00000000ec180000)
  to   space 3584K, 0% used [0x00000000eba00000,0x00000000eba00000,0x00000000ebd80000)
 ParOldGen       total 217088K, used 216743K [0x00000000c0000000, 0x00000000cd400000, 0x00000000eab00000)
  object space 217088K, 99% used [0x00000000c0000000,0x00000000cd3a9f98,0x00000000cd400000)
 Metaspace       used 70501K, committed 71616K, reserved 1114112K
  class space    used 8500K, committed 8960K, reserved 1048576K
}
Event: 30.277 GC heap before
{Heap before GC invocations=569 (full 396):
 PSYoungGen      total 18432K, used 15359K [0x00000000eab00000, 0x00000000ec180000, 0x0000000100000000)
  eden space 15360K, 99% used [0x00000000eab00000,0x00000000eb9fffe0,0x00000000eba00000)
  from space 3072K, 0% used [0x00000000ebe80000,0x00000000ebe80000,0x00000000ec180000)
  to   space 3584K, 0% used [0x00000000eba00000,0x00000000eba00000,0x00000000ebd80000)
 ParOldGen       total 217088K, used 216743K [0x00000000c0000000, 0x00000000cd400000, 0x00000000eab00000)
  object space 217088K, 99% used [0x00000000c0000000,0x00000000cd3a9f98,0x00000000cd400000)
 Metaspace       used 70501K, committed 71616K, reserved 1114112K
  class space    used 8500K, committed 8960K, reserved 1048576K
}
Event: 30.327 GC heap after
{Heap after GC invocations=569 (full 396):
 PSYoungGen      total 18944K, used 15359K [0x00000000eab00000, 0x00000000ec180000, 0x0000000100000000)
  eden space 15360K, 99% used [0x00000000eab00000,0x00000000eb9fffc0,0x00000000eba00000)
  from space 3584K, 0% used [0x00000000eba00000,0x00000000eba00000,0x00000000ebd80000)
  to   space 3072K, 0% used [0x00000000ebe80000,0x00000000ebe80000,0x00000000ec180000)
 ParOldGen       total 217088K, used 216743K [0x00000000c0000000, 0x00000000cd400000, 0x00000000eab00000)
  object space 217088K, 99% used [0x00000000c0000000,0x00000000cd3a9f98,0x00000000cd400000)
 Metaspace       used 70501K, committed 71616K, reserved 1114112K
  class space    used 8500K, committed 8960K, reserved 1048576K
}
Event: 30.327 GC heap before
{Heap before GC invocations=570 (full 397):
 PSYoungGen      total 18944K, used 15360K [0x00000000eab00000, 0x00000000ec180000, 0x0000000100000000)
  eden space 15360K, 100% used [0x00000000eab00000,0x00000000eba00000,0x00000000eba00000)
  from space 3584K, 0% used [0x00000000eba00000,0x00000000eba00000,0x00000000ebd80000)
  to   space 3072K, 0% used [0x00000000ebe80000,0x00000000ebe80000,0x00000000ec180000)
 ParOldGen       total 217088K, used 216743K [0x00000000c0000000, 0x00000000cd400000, 0x00000000eab00000)
  object space 217088K, 99% used [0x00000000c0000000,0x00000000cd3a9f98,0x00000000cd400000)
 Metaspace       used 70501K, committed 71616K, reserved 1114112K
  class space    used 8500K, committed 8960K, reserved 1048576K
}
Event: 30.375 GC heap after
{Heap after GC invocations=570 (full 397):
 PSYoungGen      total 18432K, used 15360K [0x00000000eab00000, 0x00000000ec180000, 0x0000000100000000)
  eden space 15360K, 100% used [0x00000000eab00000,0x00000000eba00000,0x00000000eba00000)
  from space 3072K, 0% used [0x00000000ebe80000,0x00000000ebe80000,0x00000000ec180000)
  to   space 3584K, 0% used [0x00000000eba00000,0x00000000eba00000,0x00000000ebd80000)
 ParOldGen       total 217088K, used 216743K [0x00000000c0000000, 0x00000000cd400000, 0x00000000eab00000)
  object space 217088K, 99% used [0x00000000c0000000,0x00000000cd3a9f98,0x00000000cd400000)
 Metaspace       used 70501K, committed 71616K, reserved 1114112K
  class space    used 8500K, committed 8960K, reserved 1048576K
}
Event: 30.375 GC heap before
{Heap before GC invocations=571 (full 398):
 PSYoungGen      total 18432K, used 15360K [0x00000000eab00000, 0x00000000ec180000, 0x0000000100000000)
  eden space 15360K, 100% used [0x00000000eab00000,0x00000000eba00000,0x00000000eba00000)
  from space 3072K, 0% used [0x00000000ebe80000,0x00000000ebe80000,0x00000000ec180000)
  to   space 3584K, 0% used [0x00000000eba00000,0x00000000eba00000,0x00000000ebd80000)
 ParOldGen       total 217088K, used 216747K [0x00000000c0000000, 0x00000000cd400000, 0x00000000eab00000)
  object space 217088K, 99% used [0x00000000c0000000,0x00000000cd3aad70,0x00000000cd400000)
 Metaspace       used 70501K, committed 71616K, reserved 1114112K
  class space    used 8500K, committed 8960K, reserved 1048576K
}
Event: 30.422 GC heap after
{Heap after GC invocations=571 (full 398):
 PSYoungGen      total 18944K, used 15359K [0x00000000eab00000, 0x00000000ec180000, 0x0000000100000000)
  eden space 15360K, 99% used [0x00000000eab00000,0x00000000eb9ffda0,0x00000000eba00000)
  from space 3584K, 0% used [0x00000000eba00000,0x00000000eba00000,0x00000000ebd80000)
  to   space 3072K, 0% used [0x00000000ebe80000,0x00000000ebe80000,0x00000000ec180000)
 ParOldGen       total 217088K, used 216741K [0x00000000c0000000, 0x00000000cd400000, 0x00000000eab00000)
  object space 217088K, 99% used [0x00000000c0000000,0x00000000cd3a9478,0x00000000cd400000)
 Metaspace       used 70501K, committed 71616K, reserved 1114112K
  class space    used 8500K, committed 8960K, reserved 1048576K
}
Event: 30.422 GC heap before
{Heap before GC invocations=572 (full 399):
 PSYoungGen      total 18944K, used 15360K [0x00000000eab00000, 0x00000000ec180000, 0x0000000100000000)
  eden space 15360K, 100% used [0x00000000eab00000,0x00000000eba00000,0x00000000eba00000)
  from space 3584K, 0% used [0x00000000eba00000,0x00000000eba00000,0x00000000ebd80000)
  to   space 3072K, 0% used [0x00000000ebe80000,0x00000000ebe80000,0x00000000ec180000)
 ParOldGen       total 217088K, used 216741K [0x00000000c0000000, 0x00000000cd400000, 0x00000000eab00000)
  object space 217088K, 99% used [0x00000000c0000000,0x00000000cd3a9478,0x00000000cd400000)
 Metaspace       used 70501K, committed 71616K, reserved 1114112K
  class space    used 8500K, committed 8960K, reserved 1048576K
}
Event: 30.468 GC heap after
{Heap after GC invocations=572 (full 399):
 PSYoungGen      total 18432K, used 15359K [0x00000000eab00000, 0x00000000ec180000, 0x0000000100000000)
  eden space 15360K, 99% used [0x00000000eab00000,0x00000000eb9ffed8,0x00000000eba00000)
  from space 3072K, 0% used [0x00000000ebe80000,0x00000000ebe80000,0x00000000ec180000)
  to   space 3584K, 0% used [0x00000000eba00000,0x00000000eba00000,0x00000000ebd80000)
 ParOldGen       total 217088K, used 216741K [0x00000000c0000000, 0x00000000cd400000, 0x00000000eab00000)
  object space 217088K, 99% used [0x00000000c0000000,0x00000000cd3a9418,0x00000000cd400000)
 Metaspace       used 70501K, committed 71616K, reserved 1114112K
  class space    used 8500K, committed 8960K, reserved 1048576K
}
Event: 30.468 GC heap before
{Heap before GC invocations=573 (full 400):
 PSYoungGen      total 18432K, used 15360K [0x00000000eab00000, 0x00000000ec180000, 0x0000000100000000)
  eden space 15360K, 100% used [0x00000000eab00000,0x00000000eba00000,0x00000000eba00000)
  from space 3072K, 0% used [0x00000000ebe80000,0x00000000ebe80000,0x00000000ec180000)
  to   space 3584K, 0% used [0x00000000eba00000,0x00000000eba00000,0x00000000ebd80000)
 ParOldGen       total 217088K, used 216741K [0x00000000c0000000, 0x00000000cd400000, 0x00000000eab00000)
  object space 217088K, 99% used [0x00000000c0000000,0x00000000cd3a9418,0x00000000cd400000)
 Metaspace       used 70501K, committed 71616K, reserved 1114112K
  class space    used 8500K, committed 8960K, reserved 1048576K
}
Event: 30.514 GC heap after
{Heap after GC invocations=573 (full 400):
 PSYoungGen      total 18944K, used 15359K [0x00000000eab00000, 0x00000000ec180000, 0x0000000100000000)
  eden space 15360K, 99% used [0x00000000eab00000,0x00000000eb9fffd8,0x00000000eba00000)
  from space 3584K, 0% used [0x00000000eba00000,0x00000000eba00000,0x00000000ebd80000)
  to   space 3072K, 0% used [0x00000000ebe80000,0x00000000ebe80000,0x00000000ec180000)
 ParOldGen       total 217088K, used 216740K [0x00000000c0000000, 0x00000000cd400000, 0x00000000eab00000)
  object space 217088K, 99% used [0x00000000c0000000,0x00000000cd3a93a8,0x00000000cd400000)
 Metaspace       used 70501K, committed 71616K, reserved 1114112K
  class space    used 8500K, committed 8960K, reserved 1048576K
}
Event: 30.515 GC heap before
{Heap before GC invocations=574 (full 401):
 PSYoungGen      total 18944K, used 15360K [0x00000000eab00000, 0x00000000ec180000, 0x0000000100000000)
  eden space 15360K, 100% used [0x00000000eab00000,0x00000000eba00000,0x00000000eba00000)
  from space 3584K, 0% used [0x00000000eba00000,0x00000000eba00000,0x00000000ebd80000)
  to   space 3072K, 0% used [0x00000000ebe80000,0x00000000ebe80000,0x00000000ec180000)
 ParOldGen       total 217088K, used 216743K [0x00000000c0000000, 0x00000000cd400000, 0x00000000eab00000)
  object space 217088K, 99% used [0x00000000c0000000,0x00000000cd3a9f30,0x00000000cd400000)
 Metaspace       used 70508K, committed 71616K, reserved 1114112K
  class space    used 8501K, committed 8960K, reserved 1048576K
}
Event: 30.561 GC heap after
{Heap after GC invocations=574 (full 401):
 PSYoungGen      total 18432K, used 15358K [0x00000000eab00000, 0x00000000ec180000, 0x0000000100000000)
  eden space 15360K, 99% used [0x00000000eab00000,0x00000000eb9ffaf0,0x00000000eba00000)
  from space 3072K, 0% used [0x00000000ebe80000,0x00000000ebe80000,0x00000000ec180000)
  to   space 3584K, 0% used [0x00000000eba00000,0x00000000eba00000,0x00000000ebd80000)
 ParOldGen       total 217088K, used 216730K [0x00000000c0000000, 0x00000000cd400000, 0x00000000eab00000)
  object space 217088K, 99% used [0x00000000c0000000,0x00000000cd3a6b28,0x00000000cd400000)
 Metaspace       used 70508K, committed 71616K, reserved 1114112K
  class space    used 8501K, committed 8960K, reserved 1048576K
}
Event: 30.561 GC heap before
{Heap before GC invocations=575 (full 402):
 PSYoungGen      total 18432K, used 15359K [0x00000000eab00000, 0x00000000ec180000, 0x0000000100000000)
  eden space 15360K, 99% used [0x00000000eab00000,0x00000000eb9ffff8,0x00000000eba00000)
  from space 3072K, 0% used [0x00000000ebe80000,0x00000000ebe80000,0x00000000ec180000)
  to   space 3584K, 0% used [0x00000000eba00000,0x00000000eba00000,0x00000000ebd80000)
 ParOldGen       total 217088K, used 216730K [0x00000000c0000000, 0x00000000cd400000, 0x00000000eab00000)
  object space 217088K, 99% used [0x00000000c0000000,0x00000000cd3a6b28,0x00000000cd400000)
 Metaspace       used 70512K, committed 71616K, reserved 1114112K
  class space    used 8501K, committed 8960K, reserved 1048576K
}
Event: 30.610 GC heap after
{Heap after GC invocations=575 (full 402):
 PSYoungGen      total 18944K, used 15359K [0x00000000eab00000, 0x00000000ec180000, 0x0000000100000000)
  eden space 15360K, 99% used [0x00000000eab00000,0x00000000eb9ffcd8,0x00000000eba00000)
  from space 3584K, 0% used [0x00000000eba00000,0x00000000eba00000,0x00000000ebd80000)
  to   space 3072K, 0% used [0x00000000ebe80000,0x00000000ebe80000,0x00000000ec180000)
 ParOldGen       total 217088K, used 216730K [0x00000000c0000000, 0x00000000cd400000, 0x00000000eab00000)
  object space 217088K, 99% used [0x00000000c0000000,0x00000000cd3a6a90,0x00000000cd400000)
 Metaspace       used 70512K, committed 71616K, reserved 1114112K
  class space    used 8501K, committed 8960K, reserved 1048576K
}
Event: 30.610 GC heap before
{Heap before GC invocations=576 (full 403):
 PSYoungGen      total 18944K, used 15359K [0x00000000eab00000, 0x00000000ec180000, 0x0000000100000000)
  eden space 15360K, 99% used [0x00000000eab00000,0x00000000eb9ffff8,0x00000000eba00000)
  from space 3584K, 0% used [0x00000000eba00000,0x00000000eba00000,0x00000000ebd80000)
  to   space 3072K, 0% used [0x00000000ebe80000,0x00000000ebe80000,0x00000000ec180000)
 ParOldGen       total 217088K, used 216730K [0x00000000c0000000, 0x00000000cd400000, 0x00000000eab00000)
  object space 217088K, 99% used [0x00000000c0000000,0x00000000cd3a6a90,0x00000000cd400000)
 Metaspace       used 70512K, committed 71616K, reserved 1114112K
  class space    used 8501K, committed 8960K, reserved 1048576K
}
Event: 30.658 GC heap after
{Heap after GC invocations=576 (full 403):
 PSYoungGen      total 18432K, used 15353K [0x00000000eab00000, 0x00000000ec180000, 0x0000000100000000)
  eden space 15360K, 99% used [0x00000000eab00000,0x00000000eb9fe4e8,0x00000000eba00000)
  from space 3072K, 0% used [0x00000000ebe80000,0x00000000ebe80000,0x00000000ec180000)
  to   space 3584K, 0% used [0x00000000eba00000,0x00000000eba00000,0x00000000ebd80000)
 ParOldGen       total 699392K, used 216726K [0x00000000c0000000, 0x00000000eab00000, 0x00000000eab00000)
  object space 699392K, 30% used [0x00000000c0000000,0x00000000cd3a5930,0x00000000eab00000)
 Metaspace       used 70512K, committed 71616K, reserved 1114112K
  class space    used 8501K, committed 8960K, reserved 1048576K
}
Event: 30.658 GC heap before
{Heap before GC invocations=577 (full 403):
 PSYoungGen      total 18432K, used 15359K [0x00000000eab00000, 0x00000000ec180000, 0x0000000100000000)
  eden space 15360K, 99% used [0x00000000eab00000,0x00000000eb9ffef0,0x00000000eba00000)
  from space 3072K, 0% used [0x00000000ebe80000,0x00000000ebe80000,0x00000000ec180000)
  to   space 3584K, 0% used [0x00000000eba00000,0x00000000eba00000,0x00000000ebd80000)
 ParOldGen       total 699392K, used 216726K [0x00000000c0000000, 0x00000000eab00000, 0x00000000eab00000)
  object space 699392K, 30% used [0x00000000c0000000,0x00000000cd3a5930,0x00000000eab00000)
 Metaspace       used 70512K, committed 71616K, reserved 1114112K
  class space    used 8501K, committed 8960K, reserved 1048576K
}
Event: 30.672 GC heap after
{Heap after GC invocations=577 (full 403):
 PSYoungGen      total 18944K, used 3567K [0x00000000eab00000, 0x00000000ec180000, 0x0000000100000000)
  eden space 15360K, 0% used [0x00000000eab00000,0x00000000eab00000,0x00000000eba00000)
  from space 3584K, 99% used [0x00000000eba00000,0x00000000ebd7bc38,0x00000000ebd80000)
  to   space 3072K, 0% used [0x00000000ebe80000,0x00000000ebe80000,0x00000000ec180000)
 ParOldGen       total 699392K, used 229063K [0x00000000c0000000, 0x00000000eab00000, 0x00000000eab00000)
  object space 699392K, 32% used [0x00000000c0000000,0x00000000cdfb1c80,0x00000000eab00000)
 Metaspace       used 70512K, committed 71616K, reserved 1114112K
  class space    used 8501K, committed 8960K, reserved 1048576K
}

