# JRE version: OpenJDK Runtime Environment Microsoft-9388408 (17.0.11+9) (build 17.0.11+9-LTS)
# Java VM: OpenJDK 64-Bit Server VM Microsoft-9388408 (17.0.11+9-LTS, mixed mode, sharing, tiered, compressed oops, compressed class ptrs, g1 gc, windows-amd64)
GC Precious Log:
 CPUs: 12 total, 12 available
 Memory: 7519M
 Large Page Support: Disabled
 NUMA Support: Disabled
 Compressed Oops: Enabled (32-bit)
 Heap Region Size: 1M
 Heap Min Capacity: 8M
 Heap Initial Capacity: 118M
 Heap Max Capacity: 2G
 Pre-touch: Disabled
 Parallel Workers: 10
 Concurrent Workers: 3
 Concurrent Refinement Workers: 10
 Periodic GC: Disabled
Heap:
 garbage-first heap   total 234496K, used 167891K [0x0000000080000000, 0x0000000100000000)
  region size 1024K, 69 young (70656K), 6 survivors (6144K)
 Metaspace       used 96548K, committed 97600K, reserved 557056K
  class space    used 13747K, committed 14272K, reserved 425984K
GC Heap History (20 events):
Event: 11.454 GC heap before
{Heap before GC invocations=24 (full 0):
 garbage-first heap   total 152576K, used 112777K [0x0000000080000000, 0x0000000100000000)
  region size 1024K, 31 young (31744K), 2 survivors (2048K)
 Metaspace       used 76329K, committed 77120K, reserved 557056K
  class space    used 10724K, committed 11072K, reserved 425984K
}
Event: 11.457 GC heap after
{Heap after GC invocations=25 (full 0):
 garbage-first heap   total 152576K, used 86255K [0x0000000080000000, 0x0000000100000000)
  region size 1024K, 4 young (4096K), 4 survivors (4096K)
 Metaspace       used 76329K, committed 77120K, reserved 557056K
  class space    used 10724K, committed 11072K, reserved 425984K
}
Event: 11.726 GC heap before
{Heap before GC invocations=26 (full 0):
 garbage-first heap   total 168960K, used 132335K [0x0000000080000000, 0x0000000100000000)
  region size 1024K, 43 young (44032K), 4 survivors (4096K)
 Metaspace       used 77987K, committed 78720K, reserved 557056K
  class space    used 10957K, committed 11328K, reserved 425984K
}
Event: 11.730 GC heap after
{Heap after GC invocations=27 (full 0):
 garbage-first heap   total 168960K, used 89914K [0x0000000080000000, 0x0000000100000000)
  region size 1024K, 6 young (6144K), 6 survivors (6144K)
 Metaspace       used 77987K, committed 78720K, reserved 557056K
  class space    used 10957K, committed 11328K, reserved 425984K
}
Event: 12.030 GC heap before
{Heap before GC invocations=27 (full 0):
 garbage-first heap   total 168960K, used 133946K [0x0000000080000000, 0x0000000100000000)
  region size 1024K, 49 young (50176K), 6 survivors (6144K)
 Metaspace       used 80797K, committed 81600K, reserved 557056K
  class space    used 11343K, committed 11712K, reserved 425984K
}
Event: 12.033 GC heap after
{Heap after GC invocations=28 (full 0):
 garbage-first heap   total 168960K, used 92125K [0x0000000080000000, 0x0000000100000000)
  region size 1024K, 3 young (3072K), 3 survivors (3072K)
 Metaspace       used 80797K, committed 81600K, reserved 557056K
  class space    used 11343K, committed 11712K, reserved 425984K
}
Event: 12.330 GC heap before
{Heap before GC invocations=29 (full 0):
 garbage-first heap   total 168960K, used 136157K [0x0000000080000000, 0x0000000100000000)
  region size 1024K, 46 young (47104K), 3 survivors (3072K)
 Metaspace       used 83602K, committed 84352K, reserved 557056K
  class space    used 11718K, committed 12096K, reserved 425984K
}
Event: 12.332 GC heap after
{Heap after GC invocations=30 (full 0):
 garbage-first heap   total 168960K, used 92977K [0x0000000080000000, 0x0000000100000000)
  region size 1024K, 3 young (3072K), 3 survivors (3072K)
 Metaspace       used 83602K, committed 84352K, reserved 557056K
  class space    used 11718K, committed 12096K, reserved 425984K
}
Event: 12.378 GC heap before
{Heap before GC invocations=30 (full 0):
 garbage-first heap   total 168960K, used 97073K [0x0000000080000000, 0x0000000100000000)
  region size 1024K, 8 young (8192K), 3 survivors (3072K)
 Metaspace       used 84109K, committed 84928K, reserved 557056K
  class space    used 11777K, committed 12160K, reserved 425984K
}
Event: 12.380 GC heap after
{Heap after GC invocations=31 (full 0):
 garbage-first heap   total 168960K, used 93550K [0x0000000080000000, 0x0000000100000000)
  region size 1024K, 1 young (1024K), 1 survivors (1024K)
 Metaspace       used 84109K, committed 84928K, reserved 557056K
  class space    used 11777K, committed 12160K, reserved 425984K
}
Event: 12.872 GC heap before
{Heap before GC invocations=31 (full 0):
 garbage-first heap   total 168960K, used 139630K [0x0000000080000000, 0x0000000100000000)
  region size 1024K, 46 young (47104K), 1 survivors (1024K)
 Metaspace       used 84760K, committed 85568K, reserved 557056K
  class space    used 11881K, committed 12224K, reserved 425984K
}
Event: 12.875 GC heap after
{Heap after GC invocations=32 (full 0):
 garbage-first heap   total 168960K, used 96316K [0x0000000080000000, 0x0000000100000000)
  region size 1024K, 4 young (4096K), 4 survivors (4096K)
 Metaspace       used 84760K, committed 85568K, reserved 557056K
  class space    used 11881K, committed 12224K, reserved 425984K
}
Event: 14.991 GC heap before
{Heap before GC invocations=33 (full 0):
 garbage-first heap   total 171008K, used 140348K [0x0000000080000000, 0x0000000100000000)
  region size 1024K, 47 young (48128K), 4 survivors (4096K)
 Metaspace       used 86625K, committed 87488K, reserved 557056K
  class space    used 12146K, committed 12544K, reserved 425984K
}
Event: 14.997 GC heap after
{Heap after GC invocations=34 (full 0):
 garbage-first heap   total 171008K, used 99757K [0x0000000080000000, 0x0000000100000000)
  region size 1024K, 4 young (4096K), 4 survivors (4096K)
 Metaspace       used 86625K, committed 87488K, reserved 557056K
  class space    used 12146K, committed 12544K, reserved 425984K
}
Event: 15.028 GC heap before
{Heap before GC invocations=34 (full 0):
 garbage-first heap   total 171008K, used 103853K [0x0000000080000000, 0x0000000100000000)
  region size 1024K, 8 young (8192K), 4 survivors (4096K)
 Metaspace       used 86840K, committed 87744K, reserved 557056K
  class space    used 12182K, committed 12608K, reserved 425984K
}
Event: 15.031 GC heap after
{Heap after GC invocations=35 (full 0):
 garbage-first heap   total 171008K, used 99467K [0x0000000080000000, 0x0000000100000000)
  region size 1024K, 1 young (1024K), 1 survivors (1024K)
 Metaspace       used 86840K, committed 87744K, reserved 557056K
  class space    used 12182K, committed 12608K, reserved 425984K
}
Event: 15.342 GC heap before
{Heap before GC invocations=35 (full 0):
 garbage-first heap   total 171008K, used 142475K [0x0000000080000000, 0x0000000100000000)
  region size 1024K, 43 young (44032K), 1 survivors (1024K)
 Metaspace       used 89398K, committed 90304K, reserved 557056K
  class space    used 12590K, committed 13056K, reserved 425984K
}
Event: 15.345 GC heap after
{Heap after GC invocations=36 (full 0):
 garbage-first heap   total 234496K, used 100176K [0x0000000080000000, 0x0000000100000000)
  region size 1024K, 2 young (2048K), 2 survivors (2048K)
 Metaspace       used 89398K, committed 90304K, reserved 557056K
  class space    used 12590K, committed 13056K, reserved 425984K
}
Event: 17.581 GC heap before
{Heap before GC invocations=37 (full 0):
 garbage-first heap   total 234496K, used 185168K [0x0000000080000000, 0x0000000100000000)
  region size 1024K, 85 young (87040K), 2 survivors (2048K)
 Metaspace       used 94140K, committed 95104K, reserved 557056K
  class space    used 13352K, committed 13824K, reserved 425984K
}
Event: 17.584 GC heap after
{Heap after GC invocations=38 (full 0):
 garbage-first heap   total 234496K, used 104403K [0x0000000080000000, 0x0000000100000000)
  region size 1024K, 6 young (6144K), 6 survivors (6144K)
 Metaspace       used 94140K, committed 95104K, reserved 557056K
  class space    used 13352K, committed 13824K, reserved 425984K
}

